{
  "stats": {
    "suites": 2,
    "tests": 14,
    "passes": 14,
    "pending": 0,
    "failures": 0,
    "start": "2025-03-09T09:43:14.664Z",
    "end": "2025-03-09T09:43:59.317Z",
    "duration": 44653,
    "testsRegistered": 14,
    "passPercent": 100,
    "pendingPercent": 0,
    "other": 0,
    "hasOther": false,
    "skipped": 0,
    "hasSkipped": false
  },
  "results": [
    {
      "uuid": "4cd9815e-dbd8-4f7c-9276-bf8d8d0969d9",
      "title": "",
      "fullFile": "cypress\\e2e\\User.cy.js",
      "file": "cypress\\e2e\\User.cy.js",
      "beforeHooks": [],
      "afterHooks": [],
      "tests": [],
      "suites": [
        {
          "uuid": "06cbdc5e-65c9-4949-b3fb-88eed023b85b",
          "title": "User Page Add Tests",
          "fullFile": "",
          "file": "",
          "beforeHooks": [],
          "afterHooks": [],
          "tests": [
            {
              "title": "Input add office valid",
              "fullTitle": "User Page Add Tests Input add office valid",
              "timedOut": null,
              "duration": 9256,
              "state": "passed",
              "speed": "medium",
              "pass": true,
              "fail": false,
              "pending": false,
              "context": null,
              "code": "cy.visit('https://mris-staging.transtrack.id/users');\ncy.get('button[wire\\\\:click=\"openAddModal\"]').click();\ncy.get('#email').should('be.visible');\nconst randomNames = ['JohnDoe', 'JaneSmith', 'MichaelBrown', 'SarahWilson', 'DavidTaylor'];\nconst randomName = randomNames[Math.floor(Math.random() * randomNames.length)];\nconst randomEmail = `${randomName}${Math.floor(Math.random() * 100)}@transtrack.id`;\ncy.get('#email').clear().type(randomEmail);\ncy.get('#email').should('have.value', randomEmail);\nconst usernameFromEmail = randomEmail.split('@')[0];\ncy.get('#username').clear().type(usernameFromEmail);\ncy.get('#username').should('have.value', usernameFromEmail);\ncy.get('#password').clear().type(usernameFromEmail);\ncy.get('#eyeIconPassword').click();\ncy.get('button[wire\\\\:click=\"store\"]').should('be.visible').click();",
              "err": {},
              "uuid": "1b69531e-a92d-406b-995a-c014437cbcc0",
              "parentUUID": "06cbdc5e-65c9-4949-b3fb-88eed023b85b",
              "isHook": false,
              "skipped": false
            },
            {
              "title": "validasi invalid email",
              "fullTitle": "User Page Add Tests validasi invalid email",
              "timedOut": null,
              "duration": 3815,
              "state": "passed",
              "speed": "fast",
              "pass": true,
              "fail": false,
              "pending": false,
              "context": null,
              "code": "cy.visit('https://mris-staging.transtrack.id/users');\ncy.get('button[wire\\\\:click=\"openAddModal\"]').click();\ncy.get('#email').should('be.visible').clear();\nconst randomNames = ['JohnDoe', 'JaneSmith', 'MichaelBrown', 'SarahWilson', 'DavidTaylor'];\nconst randomName = randomNames[Math.floor(Math.random() * randomNames.length)];\nconst randomEmail = `${randomName}${Math.floor(Math.random() * 100)}@gmail.com`;\ncy.get('#email').clear().type(randomEmail);\ncy.get('#email').should('have.value', randomEmail);\nconst usernameFromEmail = randomEmail.split('@')[0];\ncy.get('#username').clear().type(usernameFromEmail);\ncy.get('#username').should('have.value', usernameFromEmail);\ncy.get('#password').clear().type(usernameFromEmail);\ncy.get('#eyeIconPassword').click();\ncy.get('button[wire\\\\:click=\"store\"]').should('be.visible').click();\ncy.contains('Email must be a valid Transtrack email.').should('be.visible');\n;",
              "err": {},
              "uuid": "0dfda964-716f-4a3c-8f79-e1878ba94e97",
              "parentUUID": "06cbdc5e-65c9-4949-b3fb-88eed023b85b",
              "isHook": false,
              "skipped": false
            },
            {
              "title": "Validasi create password least 8 characters",
              "fullTitle": "User Page Add Tests Validasi create password least 8 characters",
              "timedOut": null,
              "duration": 2940,
              "state": "passed",
              "speed": "fast",
              "pass": true,
              "fail": false,
              "pending": false,
              "context": null,
              "code": "cy.visit('https://mris-staging.transtrack.id/users');\ncy.get('button[wire\\\\:click=\"openAddModal\"]').click();\ncy.get('#email').should('be.visible');\nconst randomNames = ['JohnDoe', 'JaneSmith', 'MichaelBrown', 'SarahWilson', 'DavidTaylor'];\nconst randomName = randomNames[Math.floor(Math.random() * randomNames.length)];\nconst randomEmail = `${randomName}${Math.floor(Math.random() * 100)}@transtrack.id`;\ncy.get('#email').clear().type(randomEmail);\ncy.get('#email').should('have.value', randomEmail);\nlet usernameFromEmail = randomEmail.split('@')[0];\nif (usernameFromEmail.length >= 8) {\n  usernameFromEmail = usernameFromEmail.substring(0, 7);\n}\nconst password = usernameFromEmail.toLowerCase();\ncy.get('#username').clear().type(usernameFromEmail);\ncy.get('#username').should('have.value', usernameFromEmail);\ncy.get('#password').clear().type(password);\ncy.get('#password').should('have.value', password);\ncy.get('#eyeIconPassword').click();\ncy.get('button[wire\\\\:click=\"store\"]').should('be.visible').click();\ncy.contains('Password must be at least 8 characters.').should('be.visible');\n;",
              "err": {},
              "uuid": "e257b3e8-f2ff-4354-bcf7-54511eee5a12",
              "parentUUID": "06cbdc5e-65c9-4949-b3fb-88eed023b85b",
              "isHook": false,
              "skipped": false
            },
            {
              "title": "Validasi create password must contain at least one lowercase and one uppercase",
              "fullTitle": "User Page Add Tests Validasi create password must contain at least one lowercase and one uppercase",
              "timedOut": null,
              "duration": 2915,
              "state": "passed",
              "speed": "fast",
              "pass": true,
              "fail": false,
              "pending": false,
              "context": null,
              "code": "cy.visit('https://mris-staging.transtrack.id/users');\ncy.get('button[wire\\\\:click=\"openAddModal\"]').click();\ncy.get('#email').should('be.visible');\nconst randomNames = ['JohnDoe', 'JaneSmith', 'MichaelBrown', 'SarahWilson', 'DavidTaylor'];\nconst randomName = randomNames[Math.floor(Math.random() * randomNames.length)];\nconst randomEmail = `${randomName}${Math.floor(Math.random() * 100)}@transtrack.id`;\ncy.get('#email').clear().type(randomEmail);\ncy.get('#email').should('have.value', randomEmail);\nlet usernameFromEmail = randomEmail.split('@')[0];\nif (usernameFromEmail.length >= 8) {\n  usernameFromEmail = usernameFromEmail.substring(0, 8);\n}\nconst password = usernameFromEmail.toLowerCase();\ncy.get('#username').clear().type(usernameFromEmail);\ncy.get('#username').should('have.value', usernameFromEmail);\ncy.get('#password').clear().type(password);\ncy.get('#password').should('have.value', password);\ncy.get('#eyeIconPassword').click();\ncy.get('button[wire\\\\:click=\"store\"]').should('be.visible').click();\ncy.contains('Password must contain at least one lowercase and one uppercase letter.').should('be.visible');\n;",
              "err": {},
              "uuid": "9f195a18-d3ba-464f-9827-364e3b95a2b4",
              "parentUUID": "06cbdc5e-65c9-4949-b3fb-88eed023b85b",
              "isHook": false,
              "skipped": false
            },
            {
              "title": "Input add office valid with empty email field",
              "fullTitle": "User Page Add Tests Input add office valid with empty email field",
              "timedOut": null,
              "duration": 2586,
              "state": "passed",
              "speed": "fast",
              "pass": true,
              "fail": false,
              "pending": false,
              "context": null,
              "code": "cy.visit('https://mris-staging.transtrack.id/users');\ncy.get('button[wire\\\\:click=\"openAddModal\"]').click();\ncy.get('#email').should('be.visible');\ncy.get('#email').clear();\ncy.get('#email').should('have.value', '');\nconst randomNames = ['JohnDoe', 'JaneSmith', 'MichaelBrown', 'SarahWilson', 'DavidTaylor'];\nconst randomName = randomNames[Math.floor(Math.random() * randomNames.length)];\nconst usernameFromEmail = randomName;\ncy.get('#username').clear().type(usernameFromEmail);\ncy.get('#username').should('have.value', usernameFromEmail);\ncy.get('#password').clear().type(usernameFromEmail);\ncy.get('#eyeIconPassword').click();\ncy.get('button[wire\\\\:click=\"store\"]').should('be.visible').click();\ncy.contains('Email is required.').should('be.visible');",
              "err": {},
              "uuid": "04866afa-ee2a-432a-9113-26e4a1587e83",
              "parentUUID": "06cbdc5e-65c9-4949-b3fb-88eed023b85b",
              "isHook": false,
              "skipped": false
            },
            {
              "title": "Input add office valid with empty username field",
              "fullTitle": "User Page Add Tests Input add office valid with empty username field",
              "timedOut": null,
              "duration": 2659,
              "state": "passed",
              "speed": "fast",
              "pass": true,
              "fail": false,
              "pending": false,
              "context": null,
              "code": "cy.visit('https://mris-staging.transtrack.id/users');\ncy.get('button[wire\\\\:click=\"openAddModal\"]').click();\ncy.get('#email').should('be.visible');\nconst randomNames = ['JohnDoe', 'JaneSmith', 'MichaelBrown', 'SarahWilson', 'DavidTaylor'];\nconst randomName = randomNames[Math.floor(Math.random() * randomNames.length)];\nconst randomEmail = `${randomName}${Math.floor(Math.random() * 100)}@transtrack.id`;\ncy.get('#email').clear().type(randomEmail);\ncy.get('#email').should('have.value', randomEmail);\ncy.get('#username').clear();\ncy.get('#password').clear().type(randomName);\ncy.get('#eyeIconPassword').click();\ncy.get('button[wire\\\\:click=\"store\"]').should('be.visible').click();\ncy.contains('Username is required.').should('be.visible');",
              "err": {},
              "uuid": "36347bea-7fc0-4610-9cf5-354798b57d45",
              "parentUUID": "06cbdc5e-65c9-4949-b3fb-88eed023b85b",
              "isHook": false,
              "skipped": false
            },
            {
              "title": "Input add office valid with empty password field",
              "fullTitle": "User Page Add Tests Input add office valid with empty password field",
              "timedOut": null,
              "duration": 2777,
              "state": "passed",
              "speed": "fast",
              "pass": true,
              "fail": false,
              "pending": false,
              "context": null,
              "code": "cy.visit('https://mris-staging.transtrack.id/users');\ncy.get('button[wire\\\\:click=\"openAddModal\"]').click();\ncy.get('#email').should('be.visible');\nconst randomNames = ['JohnDoe', 'JaneSmith', 'MichaelBrown', 'SarahWilson', 'DavidTaylor'];\nconst randomName = randomNames[Math.floor(Math.random() * randomNames.length)];\nconst randomEmail = `${randomName}${Math.floor(Math.random() * 100)}@transtrack.id`;\ncy.get('#email').clear().type(randomEmail);\ncy.get('#email').should('have.value', randomEmail);\nconst usernameFromEmail = randomEmail.split('@')[0];\ncy.get('#username').clear().type(usernameFromEmail);\ncy.get('#username').should('have.value', usernameFromEmail);\ncy.get('#password').clear();\ncy.get('#password').should('have.value', '');\ncy.get('#eyeIconPassword').click();\ncy.get('button[wire\\\\:click=\"store\"]').should('be.visible').click();\ncy.contains('Password is required.').should('be.visible');",
              "err": {},
              "uuid": "d6aaf4df-ce45-4335-8626-230586d0b04d",
              "parentUUID": "06cbdc5e-65c9-4949-b3fb-88eed023b85b",
              "isHook": false,
              "skipped": false
            },
            {
              "title": "Mencegah penambahan user duplikat",
              "fullTitle": "User Page Add Tests Mencegah penambahan user duplikat",
              "timedOut": null,
              "duration": 2612,
              "state": "passed",
              "speed": "fast",
              "pass": true,
              "fail": false,
              "pending": false,
              "context": null,
              "code": "cy.visit('https://mris-staging.transtrack.id/users');\ncy.get('button[wire\\\\:click=\"openAddModal\"]').click();\ncy.get('#email').should('be.visible');\ncy.get('#email').clear().type('admin@transtrack.id\t');\ncy.get('#username').clear().type('admin');\ncy.get('#password').clear().type('Admin123');\ncy.get('#eyeIconPassword').click();\ncy.get('button[wire\\\\:click=\"store\"]').should('be.visible').click();\ncy.contains('The email has already been taken.').should('be.visible');\ncy.contains('The username has already been taken.').should('be.visible');",
              "err": {},
              "uuid": "34ad238c-013a-4e89-b561-9016c296f7c5",
              "parentUUID": "06cbdc5e-65c9-4949-b3fb-88eed023b85b",
              "isHook": false,
              "skipped": false
            }
          ],
          "suites": [],
          "passes": [
            "1b69531e-a92d-406b-995a-c014437cbcc0",
            "0dfda964-716f-4a3c-8f79-e1878ba94e97",
            "e257b3e8-f2ff-4354-bcf7-54511eee5a12",
            "9f195a18-d3ba-464f-9827-364e3b95a2b4",
            "04866afa-ee2a-432a-9113-26e4a1587e83",
            "36347bea-7fc0-4610-9cf5-354798b57d45",
            "d6aaf4df-ce45-4335-8626-230586d0b04d",
            "34ad238c-013a-4e89-b561-9016c296f7c5"
          ],
          "failures": [],
          "pending": [],
          "skipped": [],
          "duration": 29560,
          "root": false,
          "rootEmpty": false,
          "_timeout": 2000
        },
        {
          "uuid": "9dc102a4-f3fc-4c84-b02e-8edbb6a09bc0",
          "title": "User Page Edit Tests",
          "fullFile": "",
          "file": "",
          "beforeHooks": [],
          "afterHooks": [],
          "tests": [
            {
              "title": "Input edit user valid",
              "fullTitle": "User Page Edit Tests Input edit user valid",
              "timedOut": null,
              "duration": 2431,
              "state": "passed",
              "speed": "fast",
              "pass": true,
              "fail": false,
              "pending": false,
              "context": null,
              "code": "cy.visit('https://mris-staging.transtrack.id/users');\ncy.get('button[wire\\\\:click=\"openEditModal(\\'a998c246-65c4-463b-b826-3e19899ff9b9\\')\"]').click();\ncy.get('#new-email').clear().type('Arfion@transtrack.id');\ncy.get('#new-username').clear().type('Arfion');\ncy.get('#newPassword').clear().type('Arfion123');\ncy.get('#eyeIconNewPassword').click();\ncy.get('button[wire\\\\:click=\"update\"]').click();",
              "err": {},
              "uuid": "b3ca690a-7767-467f-8100-03ed9ba89a46",
              "parentUUID": "9dc102a4-f3fc-4c84-b02e-8edbb6a09bc0",
              "isHook": false,
              "skipped": false
            },
            {
              "title": "Validasi invalid email",
              "fullTitle": "User Page Edit Tests Validasi invalid email",
              "timedOut": null,
              "duration": 2965,
              "state": "passed",
              "speed": "fast",
              "pass": true,
              "fail": false,
              "pending": false,
              "context": null,
              "code": "cy.visit('https://mris-staging.transtrack.id/users');\ncy.get('button[wire\\\\:click=\"openEditModal(\\'a998c246-65c4-463b-b826-3e19899ff9b9\\')\"]').click();\ncy.get('#new-email').clear().type('newemail@gmail.com');\ncy.get('#new-username').clear().type('Arfion');\ncy.get('#newPassword').clear().type('Arfion123');\ncy.get('button[wire\\\\:click=\"update\"]').click();\ncy.contains('Email must be a valid Transtrack email.');",
              "err": {},
              "uuid": "be33a224-820e-4b6d-8733-780ee0a871ed",
              "parentUUID": "9dc102a4-f3fc-4c84-b02e-8edbb6a09bc0",
              "isHook": false,
              "skipped": false
            },
            {
              "title": "check validasi email tidak terisi",
              "fullTitle": "User Page Edit Tests check validasi email tidak terisi",
              "timedOut": null,
              "duration": 1949,
              "state": "passed",
              "speed": "fast",
              "pass": true,
              "fail": false,
              "pending": false,
              "context": null,
              "code": "cy.visit('https://mris-staging.transtrack.id/users');\ncy.get('button[wire\\\\:click=\"openEditModal(\\'a998c246-65c4-463b-b826-3e19899ff9b9\\')\"]').click();\ncy.get('#new-email').clear();\ncy.get('#newPassword').clear().type('Arfion222');\ncy.get('button[wire\\\\:click=\"update\"]').click();\ncy.contains('Email is required.');",
              "err": {},
              "uuid": "1d8ec7cb-ac6e-4dcd-92f6-2a9be13dbf6f",
              "parentUUID": "9dc102a4-f3fc-4c84-b02e-8edbb6a09bc0",
              "isHook": false,
              "skipped": false
            },
            {
              "title": "check validasi username tidak terisi",
              "fullTitle": "User Page Edit Tests check validasi username tidak terisi",
              "timedOut": null,
              "duration": 1411,
              "state": "passed",
              "speed": "fast",
              "pass": true,
              "fail": false,
              "pending": false,
              "context": null,
              "code": "cy.visit('https://mris-staging.transtrack.id/users');\ncy.get('button[wire\\\\:click=\"openEditModal(\\'a998c246-65c4-463b-b826-3e19899ff9b9\\')\"]').click();\ncy.get('#new-username').should('be.visible');\ncy.get('#new-username').clear();\ncy.get('button[wire\\\\:click=\"update\"]').click();\ncy.contains('Username is required.');",
              "err": {},
              "uuid": "68fee9a5-e2f7-458c-988b-a1a1b321543d",
              "parentUUID": "9dc102a4-f3fc-4c84-b02e-8edbb6a09bc0",
              "isHook": false,
              "skipped": false
            },
            {
              "title": "Input password user invalid",
              "fullTitle": "User Page Edit Tests Input password user invalid",
              "timedOut": null,
              "duration": 1861,
              "state": "passed",
              "speed": "fast",
              "pass": true,
              "fail": false,
              "pending": false,
              "context": null,
              "code": "cy.visit('https://mris-staging.transtrack.id/users');\ncy.get('button[wire\\\\:click=\"openEditModal(\\'a998c246-65c4-463b-b826-3e19899ff9b9\\')\"]').click();\ncy.get('#newPassword').clear().type('arfion123');\ncy.get('#eyeIconNewPassword').click();\ncy.get('button[wire\\\\:click=\"update\"]').click();\ncy.contains('Password must contain at least one lowercase and one uppercase letter.');",
              "err": {},
              "uuid": "02abcc83-b6ee-4fd9-9963-034742c5bf30",
              "parentUUID": "9dc102a4-f3fc-4c84-b02e-8edbb6a09bc0",
              "isHook": false,
              "skipped": false
            },
            {
              "title": "Mencegah update user duplikat",
              "fullTitle": "User Page Edit Tests Mencegah update user duplikat",
              "timedOut": null,
              "duration": 2490,
              "state": "passed",
              "speed": "fast",
              "pass": true,
              "fail": false,
              "pending": false,
              "context": null,
              "code": "cy.visit('https://mris-staging.transtrack.id/users');\ncy.get('button[wire\\\\:click=\"openEditModal(\\'a998c246-65c4-463b-b826-3e19899ff9b9\\')\"]').click();\ncy.get('#new-email').clear().type('JaneSmith93@transtrack.id');\ncy.get('#new-username').clear().type('HR');\ncy.get('#eyeIconNewPassword').click();\ncy.get('button[wire\\\\:click=\"update\"]').click();\ncy.contains('The email has already been taken.');",
              "err": {},
              "uuid": "1f570d7f-ba15-4299-8cf0-de00c3e4438c",
              "parentUUID": "9dc102a4-f3fc-4c84-b02e-8edbb6a09bc0",
              "isHook": false,
              "skipped": false
            }
          ],
          "suites": [],
          "passes": [
            "b3ca690a-7767-467f-8100-03ed9ba89a46",
            "be33a224-820e-4b6d-8733-780ee0a871ed",
            "1d8ec7cb-ac6e-4dcd-92f6-2a9be13dbf6f",
            "68fee9a5-e2f7-458c-988b-a1a1b321543d",
            "02abcc83-b6ee-4fd9-9963-034742c5bf30",
            "1f570d7f-ba15-4299-8cf0-de00c3e4438c"
          ],
          "failures": [],
          "pending": [],
          "skipped": [],
          "duration": 13107,
          "root": false,
          "rootEmpty": false,
          "_timeout": 2000
        }
      ],
      "passes": [],
      "failures": [],
      "pending": [],
      "skipped": [],
      "duration": 0,
      "root": true,
      "rootEmpty": true,
      "_timeout": 2000
    }
  ],
  "meta": {
    "mocha": {
      "version": "7.0.1"
    },
    "mochawesome": {
      "options": {
        "quiet": false,
        "reportFilename": "mochawesome",
        "saveHtml": true,
        "saveJson": true,
        "consoleReporter": "spec",
        "useInlineDiffs": false,
        "code": true
      },
      "version": "7.1.3"
    },
    "marge": {
      "options": {
        "overwrite": true,
        "html": true,
        "json": true,
        "reportDir": "cypress/results"
      },
      "version": "6.2.0"
    }
  }
}