{
  "stats": {
    "suites": 1,
    "tests": 1,
    "passes": 1,
    "pending": 0,
    "failures": 0,
    "start": "2025-03-08T17:37:30.199Z",
    "end": "2025-03-08T17:37:33.442Z",
    "duration": 3243,
    "testsRegistered": 1,
    "passPercent": 100,
    "pendingPercent": 0,
    "other": 0,
    "hasOther": false,
    "skipped": 0,
    "hasSkipped": false
  },
  "results": [
    {
      "uuid": "4da8d894-0780-4c8e-bd6d-3eeac9bea40e",
      "title": "",
      "fullFile": "cypress\\e2e\\User.cy.js",
      "file": "cypress\\e2e\\User.cy.js",
      "beforeHooks": [],
      "afterHooks": [],
      "tests": [],
      "suites": [
        {
          "uuid": "dec8b7b0-a102-4cca-b412-b8226316e09f",
          "title": "User Profile Test",
          "fullFile": "",
          "file": "",
          "beforeHooks": [],
          "afterHooks": [],
          "tests": [
            {
              "title": "should log in and show user profile",
              "fullTitle": "User Profile Test should log in and show user profile",
              "timedOut": null,
              "duration": 1489,
              "state": "passed",
              "speed": "fast",
              "pass": true,
              "fail": false,
              "pending": false,
              "context": null,
              "code": "cy.visit('https://www.saucedemo.com/');\n// Login dengan kredensial yang valid\ncy.get('input[name=\"user-name\"]').type('standard_user');\ncy.get('input[name=\"password\"]').type('secret_sauce');\ncy.get('input[name=\"login-button\"]').click();\n// Verifikasi bahwa user berhasil login dan melihat halaman produk\ncy.url().should('include', '/inventory.html');\ncy.get('.inventory_list').should('be.visible');\n// Memastikan nama pengguna yang login terlihat di halaman\ncy.get('.bm-burger-button').click(); // Klik menu burger\ncy.get('.bm-item-list').should('contain', 'Logout'); // Memastikan ada opsi logout",
              "err": {},
              "uuid": "d1659123-c2e4-4d21-a3ff-b6ea99aa53a1",
              "parentUUID": "dec8b7b0-a102-4cca-b412-b8226316e09f",
              "isHook": false,
              "skipped": false
            }
          ],
          "suites": [],
          "passes": [
            "d1659123-c2e4-4d21-a3ff-b6ea99aa53a1"
          ],
          "failures": [],
          "pending": [],
          "skipped": [],
          "duration": 1489,
          "root": false,
          "rootEmpty": false,
          "_timeout": 2000
        }
      ],
      "passes": [],
      "failures": [],
      "pending": [],
      "skipped": [],
      "duration": 0,
      "root": true,
      "rootEmpty": true,
      "_timeout": 2000
    }
  ],
  "meta": {
    "mocha": {
      "version": "7.0.1"
    },
    "mochawesome": {
      "options": {
        "quiet": false,
        "reportFilename": "mochawesome",
        "saveHtml": true,
        "saveJson": true,
        "consoleReporter": "spec",
        "useInlineDiffs": false,
        "code": true
      },
      "version": "7.1.3"
    },
    "marge": {
      "options": {
        "overwrite": true,
        "html": true,
        "json": true,
        "reportDir": "cypress/results"
      },
      "version": "6.2.0"
    }
  }
}